<?xml version="1.0" encoding="UTF-8"?>
<testsuites name="admin open Total Transaction menu" time="58" tests="0" failures="1" errors="0">
   <testsuite name="admin open Total Transaction menu" tests="0" failures="1" errors="0" time="58" timestamp="2561-05-09 15:47:02" hostname="Dell - DESKTOP-FI8G7MN" id="Test Suites/admin open Total Transaction menu">
      <properties>
         <property name="deviceName" value=""/>
         <property name="devicePlatform" value=""/>
         <property name="logFolder" value="C:\\Users\\Dell\\git\\234ProjectTest\\Reports\\admin open Total Transaction menu\\25610509_154700"/>
         <property name="logFiles" value="C:\\Users\\Dell\\git\\234ProjectTest\\Reports\\admin open Total Transaction menu\\25610509_154700\\execution0.log"/>
         <property name="attachments" value="C:\\Users\\Dell\\git\\234ProjectTest\\Reports\\admin open Total Transaction menu\\25610509_154700\\1525855680258.png"/>
         <property name="hostName" value="Dell - DESKTOP-FI8G7MN"/>
         <property name="os" value="Windows 10 64bit"/>
         <property name="katalonVersion" value="5.3.1.1"/>
         <property name="browser" value="Firefox 59.0"/>
         <property name="hostAddress" value="192.168.99.1"/>
         <property name="sessionId" value="b3450c1c-4bb4-4771-bfa1-f5961d44f991"/>
         <property name="seleniumVersion" value="3.7.1"/>
         <property name="proxyInformation" value="ProxyInformation{proxyOption=NO_PROXY, proxyServerType=HTTP, password=, proxyServerAddress=, proxyServerPort=0}"/>
         <property name="platform" value="Windows 10"/>
      </properties>
      <testcase name="Test Cases/admin open Total Transaction menu" classname="Test Cases/admin open Total Transaction menu" status="FAILED">
         <failure type="FAILED" message="Unable to click on object 'Object Repository/admin open Total Transaction menu/Page_ProjectBackend (1)/p_Total price  407620 THB' (Root cause: com.kms.katalon.core.webui.exception.WebElementNotFoundException: Web element with id: 'Object Repository/admin open Total Transaction menu/Page_ProjectBackend (1)/p_Total price  407620 THB' located by 'By.xpath: //p[(text() = 'Total price:  407,620 THB' or . = 'Total price:  407,620 THB')]' not found)"/>
         <system-out><![CDATA[2561-05-09 15:47:02 - [TEST_CASE][FAILED] - Test Cases/admin open Total Transaction menu: Test Cases/admin open Total Transaction menu FAILED because (of) Unable to click on object 'Object Repository/admin open Total Transaction menu/Page_ProjectBackend (1)/p_Total price  407620 THB' (Root cause: com.kms.katalon.core.webui.exception.WebElementNotFoundException: Web element with id: 'Object Repository/admin open Total Transaction menu/Page_ProjectBackend (1)/p_Total price  407620 THB' located by 'By.xpath: //p[(text() = 'Total price:  407,620 THB' or . = 'Total price:  407,620 THB')]' not found)

2561-05-09 15:47:03 - [TEST_STEP][PASSED] - openBrowser: Browser is opened with url: ''

2561-05-09 15:47:11 - [MESSAGE][PASSED] - Browser is opened with url: ''

2561-05-09 15:47:11 - [TEST_STEP][PASSED] - navigateToUrl: Navigate to 'http://18.216.40.141:8085/' successfully

2561-05-09 15:47:18 - [MESSAGE][PASSED] - Navigate to 'http://18.216.40.141:8085/' successfully

2561-05-09 15:47:18 - [TEST_STEP][PASSED] - setText: Text 'admin' is set on object 'Object Repository/admin open Total Transaction menu/Page_ProjectBackend (1)/input_username'

2561-05-09 15:47:18 - [MESSAGE][PASSED] - Text 'admin' is set on object 'Object Repository/admin open Total Transaction menu/Page_ProjectBackend (1)/input_username'

2561-05-09 15:47:18 - [TEST_STEP][PASSED] - setText: Text 'admin' is set on object 'Object Repository/admin open Total Transaction menu/Page_ProjectBackend (1)/input_password'

2561-05-09 15:47:19 - [MESSAGE][PASSED] - Text 'admin' is set on object 'Object Repository/admin open Total Transaction menu/Page_ProjectBackend (1)/input_password'

2561-05-09 15:47:19 - [TEST_STEP][PASSED] - click: Object: 'Object Repository/admin open Total Transaction menu/Page_ProjectBackend (1)/button_Login' is clicked on

2561-05-09 15:47:19 - [MESSAGE][PASSED] - Object: 'Object Repository/admin open Total Transaction menu/Page_ProjectBackend (1)/button_Login' is clicked on

2561-05-09 15:47:19 - [TEST_STEP][PASSED] - click: Object: 'Object Repository/admin open Total Transaction menu/Page_ProjectBackend (1)/a_Total Transaction' is clicked on

2561-05-09 15:47:20 - [MESSAGE][PASSED] - Object: 'Object Repository/admin open Total Transaction menu/Page_ProjectBackend (1)/a_Total Transaction' is clicked on

2561-05-09 15:47:20 - [TEST_STEP][PASSED] - click: Object: 'Object Repository/admin open Total Transaction menu/Page_ProjectBackend (1)/td_1' is clicked on

2561-05-09 15:47:21 - [MESSAGE][PASSED] - Object: 'Object Repository/admin open Total Transaction menu/Page_ProjectBackend (1)/td_1' is clicked on

2561-05-09 15:47:21 - [TEST_STEP][PASSED] - click: Object: 'Object Repository/admin open Total Transaction menu/Page_ProjectBackend (1)/td_Garden Papaya' is clicked on

2561-05-09 15:47:21 - [MESSAGE][PASSED] - Object: 'Object Repository/admin open Total Transaction menu/Page_ProjectBackend (1)/td_Garden Papaya' is clicked on

2561-05-09 15:47:21 - [TEST_STEP][PASSED] - click: Object: 'Object Repository/admin open Total Transaction menu/Page_ProjectBackend (1)/td_20120 THB' is clicked on

2561-05-09 15:47:22 - [MESSAGE][PASSED] - Object: 'Object Repository/admin open Total Transaction menu/Page_ProjectBackend (1)/td_20120 THB' is clicked on

2561-05-09 15:47:22 - [TEST_STEP][PASSED] - click: Object: 'Object Repository/admin open Total Transaction menu/Page_ProjectBackend (1)/td_2' is clicked on

2561-05-09 15:47:22 - [MESSAGE][PASSED] - Object: 'Object Repository/admin open Total Transaction menu/Page_ProjectBackend (1)/td_2' is clicked on

2561-05-09 15:47:22 - [TEST_STEP][PASSED] - click: Object: 'Object Repository/admin open Total Transaction menu/Page_ProjectBackend (1)/td_Banana Garden Banana Rambut' is clicked on

2561-05-09 15:47:22 - [MESSAGE][PASSED] - Object: 'Object Repository/admin open Total Transaction menu/Page_ProjectBackend (1)/td_Banana Garden Banana Rambut' is clicked on

2561-05-09 15:47:22 - [TEST_STEP][PASSED] - click: Object: 'Object Repository/admin open Total Transaction menu/Page_ProjectBackend (1)/td_60570 THB' is clicked on

2561-05-09 15:47:23 - [MESSAGE][PASSED] - Object: 'Object Repository/admin open Total Transaction menu/Page_ProjectBackend (1)/td_60570 THB' is clicked on

2561-05-09 15:47:23 - [TEST_STEP][PASSED] - click: Object: 'Object Repository/admin open Total Transaction menu/Page_ProjectBackend (1)/td_3' is clicked on

2561-05-09 15:47:23 - [MESSAGE][PASSED] - Object: 'Object Repository/admin open Total Transaction menu/Page_ProjectBackend (1)/td_3' is clicked on

2561-05-09 15:47:23 - [TEST_STEP][PASSED] - click: Object: 'Object Repository/admin open Total Transaction menu/Page_ProjectBackend (1)/td_Garden Banana Orange Papaya' is clicked on

2561-05-09 15:47:23 - [MESSAGE][PASSED] - Object: 'Object Repository/admin open Total Transaction menu/Page_ProjectBackend (1)/td_Garden Banana Orange Papaya' is clicked on

2561-05-09 15:47:23 - [TEST_STEP][PASSED] - click: Object: 'Object Repository/admin open Total Transaction menu/Page_ProjectBackend (1)/td_40924 THB' is clicked on

2561-05-09 15:47:23 - [MESSAGE][PASSED] - Object: 'Object Repository/admin open Total Transaction menu/Page_ProjectBackend (1)/td_40924 THB' is clicked on

2561-05-09 15:47:23 - [TEST_STEP][PASSED] - click: Object: 'Object Repository/admin open Total Transaction menu/Page_ProjectBackend (1)/td_4' is clicked on

2561-05-09 15:47:24 - [MESSAGE][PASSED] - Object: 'Object Repository/admin open Total Transaction menu/Page_ProjectBackend (1)/td_4' is clicked on

2561-05-09 15:47:24 - [TEST_STEP][PASSED] - click: Object: 'Object Repository/admin open Total Transaction menu/Page_ProjectBackend (1)/td_Garden Banana Orange Papaya' is clicked on

2561-05-09 15:47:24 - [MESSAGE][PASSED] - Object: 'Object Repository/admin open Total Transaction menu/Page_ProjectBackend (1)/td_Garden Banana Orange Papaya' is clicked on

2561-05-09 15:47:24 - [TEST_STEP][PASSED] - click: Object: 'Object Repository/admin open Total Transaction menu/Page_ProjectBackend (1)/td_40462 THB' is clicked on

2561-05-09 15:47:24 - [MESSAGE][PASSED] - Object: 'Object Repository/admin open Total Transaction menu/Page_ProjectBackend (1)/td_40462 THB' is clicked on

2561-05-09 15:47:24 - [TEST_STEP][PASSED] - click: Object: 'Object Repository/admin open Total Transaction menu/Page_ProjectBackend (1)/td_5' is clicked on

2561-05-09 15:47:24 - [MESSAGE][PASSED] - Object: 'Object Repository/admin open Total Transaction menu/Page_ProjectBackend (1)/td_5' is clicked on

2561-05-09 15:47:24 - [TEST_STEP][PASSED] - click: Object: 'Object Repository/admin open Total Transaction menu/Page_ProjectBackend (1)/td_Garden Banana Orange Papaya' is clicked on

2561-05-09 15:47:25 - [MESSAGE][PASSED] - Object: 'Object Repository/admin open Total Transaction menu/Page_ProjectBackend (1)/td_Garden Banana Orange Papaya' is clicked on

2561-05-09 15:47:25 - [TEST_STEP][PASSED] - click: Object: 'Object Repository/admin open Total Transaction menu/Page_ProjectBackend (1)/td_40924 THB' is clicked on

2561-05-09 15:47:25 - [MESSAGE][PASSED] - Object: 'Object Repository/admin open Total Transaction menu/Page_ProjectBackend (1)/td_40924 THB' is clicked on

2561-05-09 15:47:25 - [TEST_STEP][PASSED] - click: Object: 'Object Repository/admin open Total Transaction menu/Page_ProjectBackend (1)/td_6' is clicked on

2561-05-09 15:47:25 - [MESSAGE][PASSED] - Object: 'Object Repository/admin open Total Transaction menu/Page_ProjectBackend (1)/td_6' is clicked on

2561-05-09 15:47:25 - [TEST_STEP][PASSED] - click: Object: 'Object Repository/admin open Total Transaction menu/Page_ProjectBackend (1)/td_Garden Banana Orange Papaya' is clicked on

2561-05-09 15:47:25 - [MESSAGE][PASSED] - Object: 'Object Repository/admin open Total Transaction menu/Page_ProjectBackend (1)/td_Garden Banana Orange Papaya' is clicked on

2561-05-09 15:47:25 - [TEST_STEP][PASSED] - click: Object: 'Object Repository/admin open Total Transaction menu/Page_ProjectBackend (1)/td_40924 THB' is clicked on

2561-05-09 15:47:26 - [MESSAGE][PASSED] - Object: 'Object Repository/admin open Total Transaction menu/Page_ProjectBackend (1)/td_40924 THB' is clicked on

2561-05-09 15:47:26 - [TEST_STEP][PASSED] - click: Object: 'Object Repository/admin open Total Transaction menu/Page_ProjectBackend (1)/td_7' is clicked on

2561-05-09 15:47:26 - [MESSAGE][PASSED] - Object: 'Object Repository/admin open Total Transaction menu/Page_ProjectBackend (1)/td_7' is clicked on

2561-05-09 15:47:26 - [TEST_STEP][PASSED] - click: Object: 'Object Repository/admin open Total Transaction menu/Page_ProjectBackend (1)/td_Garden Banana Orange Papaya' is clicked on

2561-05-09 15:47:26 - [MESSAGE][PASSED] - Object: 'Object Repository/admin open Total Transaction menu/Page_ProjectBackend (1)/td_Garden Banana Orange Papaya' is clicked on

2561-05-09 15:47:26 - [TEST_STEP][PASSED] - click: Object: 'Object Repository/admin open Total Transaction menu/Page_ProjectBackend (1)/td_40924 THB' is clicked on

2561-05-09 15:47:27 - [MESSAGE][PASSED] - Object: 'Object Repository/admin open Total Transaction menu/Page_ProjectBackend (1)/td_40924 THB' is clicked on

2561-05-09 15:47:27 - [TEST_STEP][PASSED] - click: Object: 'Object Repository/admin open Total Transaction menu/Page_ProjectBackend (1)/td_8' is clicked on

2561-05-09 15:47:27 - [MESSAGE][PASSED] - Object: 'Object Repository/admin open Total Transaction menu/Page_ProjectBackend (1)/td_8' is clicked on

2561-05-09 15:47:27 - [TEST_STEP][PASSED] - click: Object: 'Object Repository/admin open Total Transaction menu/Page_ProjectBackend (1)/td_Garden Banana Orange Papaya' is clicked on

2561-05-09 15:47:27 - [MESSAGE][PASSED] - Object: 'Object Repository/admin open Total Transaction menu/Page_ProjectBackend (1)/td_Garden Banana Orange Papaya' is clicked on

2561-05-09 15:47:27 - [TEST_STEP][PASSED] - click: Object: 'Object Repository/admin open Total Transaction menu/Page_ProjectBackend (1)/td_40924 THB' is clicked on

2561-05-09 15:47:27 - [MESSAGE][PASSED] - Object: 'Object Repository/admin open Total Transaction menu/Page_ProjectBackend (1)/td_40924 THB' is clicked on

2561-05-09 15:47:27 - [TEST_STEP][PASSED] - click: Object: 'Object Repository/admin open Total Transaction menu/Page_ProjectBackend (1)/td_9' is clicked on

2561-05-09 15:47:28 - [MESSAGE][PASSED] - Object: 'Object Repository/admin open Total Transaction menu/Page_ProjectBackend (1)/td_9' is clicked on

2561-05-09 15:47:28 - [TEST_STEP][PASSED] - click: Object: 'Object Repository/admin open Total Transaction menu/Page_ProjectBackend (1)/td_Garden Banana Orange Papaya' is clicked on

2561-05-09 15:47:28 - [MESSAGE][PASSED] - Object: 'Object Repository/admin open Total Transaction menu/Page_ProjectBackend (1)/td_Garden Banana Orange Papaya' is clicked on

2561-05-09 15:47:28 - [TEST_STEP][PASSED] - click: Object: 'Object Repository/admin open Total Transaction menu/Page_ProjectBackend (1)/td_40924 THB' is clicked on

2561-05-09 15:47:28 - [MESSAGE][PASSED] - Object: 'Object Repository/admin open Total Transaction menu/Page_ProjectBackend (1)/td_40924 THB' is clicked on

2561-05-09 15:47:28 - [TEST_STEP][PASSED] - click: Object: 'Object Repository/admin open Total Transaction menu/Page_ProjectBackend (1)/td_10' is clicked on

2561-05-09 15:47:28 - [MESSAGE][PASSED] - Object: 'Object Repository/admin open Total Transaction menu/Page_ProjectBackend (1)/td_10' is clicked on

2561-05-09 15:47:28 - [TEST_STEP][PASSED] - click: Object: 'Object Repository/admin open Total Transaction menu/Page_ProjectBackend (1)/td_Garden Banana Orange Papaya' is clicked on

2561-05-09 15:47:29 - [MESSAGE][PASSED] - Object: 'Object Repository/admin open Total Transaction menu/Page_ProjectBackend (1)/td_Garden Banana Orange Papaya' is clicked on

2561-05-09 15:47:29 - [TEST_STEP][PASSED] - click: Object: 'Object Repository/admin open Total Transaction menu/Page_ProjectBackend (1)/td_40924 THB' is clicked on

2561-05-09 15:47:29 - [MESSAGE][PASSED] - Object: 'Object Repository/admin open Total Transaction menu/Page_ProjectBackend (1)/td_40924 THB' is clicked on

2561-05-09 15:47:29 - [TEST_STEP][PASSED] - click: Object: 'Object Repository/admin open Total Transaction menu/Page_ProjectBackend (1)/strong_Total price' is clicked on

2561-05-09 15:47:29 - [MESSAGE][PASSED] - Object: 'Object Repository/admin open Total Transaction menu/Page_ProjectBackend (1)/strong_Total price' is clicked on

2561-05-09 15:47:29 - [TEST_STEP][FAILED] - click: Unable to click on object 'Object Repository/admin open Total Transaction menu/Page_ProjectBackend (1)/p_Total price  407620 THB' (Root cause: com.kms.katalon.core.webui.exception.WebElementNotFoundException: Web element with id: 'Object Repository/admin open Total Transaction menu/Page_ProjectBackend (1)/p_Total price  407620 THB' located by 'By.xpath: //p[(text() = 'Total price:  407,620 THB' or . = 'Total price:  407,620 THB')]' not found)

2561-05-09 15:48:00 - [MESSAGE][FAILED] - Unable to click on object 'Object Repository/admin open Total Transaction menu/Page_ProjectBackend (1)/p_Total price  407620 THB' (Root cause: com.kms.katalon.core.webui.exception.WebElementNotFoundException: Web element with id: 'Object Repository/admin open Total Transaction menu/Page_ProjectBackend (1)/p_Total price  407620 THB' located by 'By.xpath: //p[(text() = 'Total price:  407,620 THB' or . = 'Total price:  407,620 THB')]' not found)
[[ATTACHMENT|C:\\Users\\Dell\\git\\234ProjectTest\\Reports\\admin open Total Transaction menu\\25610509_154700\\1525855680258.png]]]]></system-out>
         <system-err><![CDATA[2561-05-09 15:47:02 - [TEST_CASE][FAILED] - Test Cases/admin open Total Transaction menu: Test Cases/admin open Total Transaction menu FAILED because (of) Unable to click on object 'Object Repository/admin open Total Transaction menu/Page_ProjectBackend (1)/p_Total price  407620 THB' (Root cause: com.kms.katalon.core.webui.exception.WebElementNotFoundException: Web element with id: 'Object Repository/admin open Total Transaction menu/Page_ProjectBackend (1)/p_Total price  407620 THB' located by 'By.xpath: //p[(text() = 'Total price:  407,620 THB' or . = 'Total price:  407,620 THB')]' not found)]]></system-err>
      </testcase>
      <system-out><![CDATA[2561-05-09 15:47:02 - [TEST_SUITE][FAILED] - admin open Total Transaction menu: Test Cases/admin open Total Transaction menu FAILED because (of) Unable to click on object 'Object Repository/admin open Total Transaction menu/Page_ProjectBackend (1)/p_Total price  407620 THB' (Root cause: com.kms.katalon.core.webui.exception.WebElementNotFoundException: Web element with id: 'Object Repository/admin open Total Transaction menu/Page_ProjectBackend (1)/p_Total price  407620 THB' located by 'By.xpath: //p[(text() = 'Total price:  407,620 THB' or . = 'Total price:  407,620 THB')]' not found)]]></system-out>
      <system-err><![CDATA[2561-05-09 15:47:02 - [TEST_SUITE][FAILED] - admin open Total Transaction menu: Test Cases/admin open Total Transaction menu FAILED because (of) Unable to click on object 'Object Repository/admin open Total Transaction menu/Page_ProjectBackend (1)/p_Total price  407620 THB' (Root cause: com.kms.katalon.core.webui.exception.WebElementNotFoundException: Web element with id: 'Object Repository/admin open Total Transaction menu/Page_ProjectBackend (1)/p_Total price  407620 THB' located by 'By.xpath: //p[(text() = 'Total price:  407,620 THB' or . = 'Total price:  407,620 THB')]' not found)]]></system-err>
   </testsuite>
</testsuites>
